<?xml version="1.0" encoding="UTF-8"?>
<!-- Generated by org.testng.reporters.JUnitXMLReporter -->
<testsuite ignored="0" hostname="DESKTOP-51JIPKB" failures="0" tests="2" name="BankingApp Test" time="32.136" errors="0" timestamp="2023-11-20T02:47:45 EST">
  <testcase classname="com.inetbanking.testCases.TC_LoginTest_001" name="loginTest" time="5.179"/>
  <testcase classname="com.inetbanking.testCases.TC_AddCustomerTest_003" name="addNewCustomer" time="15.259"/>
</testsuite> <!-- BankingApp Test -->
