<?xml version="1.0" encoding="UTF-8"?>
<testng-results ignored="0" total="2" passed="2" failed="0" skipped="0">
  <reporter-output>
  </reporter-output>
  <suite started-at="2023-11-17T02:09:54 EST" name="Suite" finished-at="2023-11-17T02:11:42 EST" duration-ms="107070">
    <groups>
    </groups>
    <test started-at="2023-11-17T02:09:54 EST" name="BankingApp Test" finished-at="2023-11-17T02:11:42 EST" duration-ms="107070">
      <class name="com.inetbanking.testCases.TC_LoginTest_001">
        <test-method is-config="true" signature="setup(java.lang.String)[pri:0, instance:com.inetbanking.testCases.TC_LoginTest_001@4567f35d]" started-at="2023-11-17T02:09:55 EST" name="setup" finished-at="2023-11-17T02:10:34 EST" duration-ms="39099" status="PASS">
          <params>
            <param index="0">
              <value>
                <![CDATA[chrome]]>
              </value>
            </param>
          </params>
          <reporter-output>
          </reporter-output>
        </test-method> <!-- setup -->
        <test-method signature="loginTest()[pri:0, instance:com.inetbanking.testCases.TC_LoginTest_001@4567f35d]" started-at="2023-11-17T02:10:34 EST" name="loginTest" finished-at="2023-11-17T02:10:44 EST" duration-ms="10389" status="PASS">
          <reporter-output>
          </reporter-output>
        </test-method> <!-- loginTest -->
        <test-method is-config="true" signature="tearDown()[pri:0, instance:com.inetbanking.testCases.TC_LoginTest_001@4567f35d]" started-at="2023-11-17T02:10:44 EST" name="tearDown" finished-at="2023-11-17T02:10:46 EST" duration-ms="1527" status="PASS">
          <reporter-output>
          </reporter-output>
        </test-method> <!-- tearDown -->
      </class> <!-- com.inetbanking.testCases.TC_LoginTest_001 -->
      <class name="com.inetbanking.testCases.TC_AddCustomerTest_003">
        <test-method is-config="true" signature="setup(java.lang.String)[pri:0, instance:com.inetbanking.testCases.TC_AddCustomerTest_003@6b927fb]" started-at="2023-11-17T02:10:46 EST" name="setup" finished-at="2023-11-17T02:11:03 EST" duration-ms="17589" status="PASS">
          <params>
            <param index="0">
              <value>
                <![CDATA[chrome]]>
              </value>
            </param>
          </params>
          <reporter-output>
          </reporter-output>
        </test-method> <!-- setup -->
        <test-method signature="addNewCustomer()[pri:0, instance:com.inetbanking.testCases.TC_AddCustomerTest_003@6b927fb]" started-at="2023-11-17T02:11:03 EST" name="addNewCustomer" finished-at="2023-11-17T02:11:40 EST" duration-ms="37087" status="PASS">
          <reporter-output>
          </reporter-output>
        </test-method> <!-- addNewCustomer -->
        <test-method is-config="true" signature="tearDown()[pri:0, instance:com.inetbanking.testCases.TC_AddCustomerTest_003@6b927fb]" started-at="2023-11-17T02:11:40 EST" name="tearDown" finished-at="2023-11-17T02:11:42 EST" duration-ms="1214" status="PASS">
          <reporter-output>
          </reporter-output>
        </test-method> <!-- tearDown -->
      </class> <!-- com.inetbanking.testCases.TC_AddCustomerTest_003 -->
    </test> <!-- BankingApp Test -->
  </suite> <!-- Suite -->
</testng-results>
