<?xml version="1.0" encoding="UTF-8"?>
<testng-results ignored="0" total="2" passed="2" failed="0" skipped="0">
  <reporter-output>
  </reporter-output>
  <suite started-at="2023-11-22T12:29:27 EST" name="Suite" finished-at="2023-11-22T12:30:01 EST" duration-ms="34234">
    <groups>
    </groups>
    <test started-at="2023-11-22T12:29:27 EST" name="BankingApp Test" finished-at="2023-11-22T12:30:01 EST" duration-ms="34234">
      <class name="com.inetbanking.testCases.TC_LoginTest_001">
        <test-method is-config="true" signature="setup(java.lang.String)[pri:0, instance:com.inetbanking.testCases.TC_LoginTest_001@792b749c]" started-at="2023-11-22T12:29:27 EST" name="setup" finished-at="2023-11-22T12:29:33 EST" duration-ms="6067" status="PASS">
          <params>
            <param index="0">
              <value>
                <![CDATA[chrome]]>
              </value>
            </param>
          </params>
          <reporter-output>
          </reporter-output>
        </test-method> <!-- setup -->
        <test-method signature="loginTest()[pri:0, instance:com.inetbanking.testCases.TC_LoginTest_001@792b749c]" started-at="2023-11-22T12:29:33 EST" name="loginTest" finished-at="2023-11-22T12:29:40 EST" duration-ms="6917" status="PASS">
          <reporter-output>
          </reporter-output>
        </test-method> <!-- loginTest -->
        <test-method is-config="true" signature="tearDown()[pri:0, instance:com.inetbanking.testCases.TC_LoginTest_001@792b749c]" started-at="2023-11-22T12:29:40 EST" name="tearDown" finished-at="2023-11-22T12:29:40 EST" duration-ms="210" status="PASS">
          <reporter-output>
          </reporter-output>
        </test-method> <!-- tearDown -->
      </class> <!-- com.inetbanking.testCases.TC_LoginTest_001 -->
      <class name="com.inetbanking.testCases.TC_AddCustomerTest_003">
        <test-method is-config="true" signature="setup(java.lang.String)[pri:0, instance:com.inetbanking.testCases.TC_AddCustomerTest_003@35841320]" started-at="2023-11-22T12:29:40 EST" name="setup" finished-at="2023-11-22T12:29:45 EST" duration-ms="4824" status="PASS">
          <params>
            <param index="0">
              <value>
                <![CDATA[chrome]]>
              </value>
            </param>
          </params>
          <reporter-output>
          </reporter-output>
        </test-method> <!-- setup -->
        <test-method signature="addNewCustomer()[pri:0, instance:com.inetbanking.testCases.TC_AddCustomerTest_003@35841320]" started-at="2023-11-22T12:29:45 EST" name="addNewCustomer" finished-at="2023-11-22T12:30:01 EST" duration-ms="16008" status="PASS">
          <reporter-output>
          </reporter-output>
        </test-method> <!-- addNewCustomer -->
        <test-method is-config="true" signature="tearDown()[pri:0, instance:com.inetbanking.testCases.TC_AddCustomerTest_003@35841320]" started-at="2023-11-22T12:30:01 EST" name="tearDown" finished-at="2023-11-22T12:30:01 EST" duration-ms="179" status="PASS">
          <reporter-output>
          </reporter-output>
        </test-method> <!-- tearDown -->
      </class> <!-- com.inetbanking.testCases.TC_AddCustomerTest_003 -->
    </test> <!-- BankingApp Test -->
  </suite> <!-- Suite -->
</testng-results>
