<?xml version="1.0" encoding="UTF-8"?>
<testng-results ignored="0" total="1" passed="1" failed="0" skipped="0">
  <reporter-output>
  </reporter-output>
  <suite started-at="2023-11-16T12:02:13 EST" name="Suite" finished-at="2023-11-16T12:03:43 EST" duration-ms="90214">
    <groups>
    </groups>
    <test started-at="2023-11-16T12:02:13 EST" name="BankingApp Test" finished-at="2023-11-16T12:03:43 EST" duration-ms="90214">
      <class name="com.inetbanking.testCases.TC_AddCustomerTest_003">
        <test-method is-config="true" signature="setup(java.lang.String)[pri:0, instance:com.inetbanking.testCases.TC_AddCustomerTest_003@22555ebf]" started-at="2023-11-16T12:02:13 EST" name="setup" finished-at="2023-11-16T12:03:15 EST" duration-ms="62591" status="PASS">
          <params>
            <param index="0">
              <value>
                <![CDATA[chrome]]>
              </value>
            </param>
          </params>
          <reporter-output>
          </reporter-output>
        </test-method> <!-- setup -->
        <test-method signature="addNewCustomer()[pri:0, instance:com.inetbanking.testCases.TC_AddCustomerTest_003@22555ebf]" started-at="2023-11-16T12:03:15 EST" name="addNewCustomer" finished-at="2023-11-16T12:03:41 EST" duration-ms="25964" status="PASS">
          <reporter-output>
          </reporter-output>
        </test-method> <!-- addNewCustomer -->
        <test-method is-config="true" signature="tearDown()[pri:0, instance:com.inetbanking.testCases.TC_AddCustomerTest_003@22555ebf]" started-at="2023-11-16T12:03:41 EST" name="tearDown" finished-at="2023-11-16T12:03:43 EST" duration-ms="1493" status="PASS">
          <reporter-output>
          </reporter-output>
        </test-method> <!-- tearDown -->
      </class> <!-- com.inetbanking.testCases.TC_AddCustomerTest_003 -->
    </test> <!-- BankingApp Test -->
  </suite> <!-- Suite -->
</testng-results>
