<?xml version="1.0" encoding="UTF-8"?>
<testng-results ignored="0" total="2" passed="2" failed="0" skipped="0">
  <reporter-output>
  </reporter-output>
  <suite started-at="2023-11-18T14:54:01 EST" name="Suite" finished-at="2023-11-18T14:54:32 EST" duration-ms="31594">
    <groups>
    </groups>
    <test started-at="2023-11-18T14:54:01 EST" name="BankingApp Test" finished-at="2023-11-18T14:54:32 EST" duration-ms="31594">
      <class name="com.inetbanking.testCases.TC_LoginTest_001">
        <test-method is-config="true" signature="setup(java.lang.String)[pri:0, instance:com.inetbanking.testCases.TC_LoginTest_001@23941fb4]" started-at="2023-11-18T14:54:01 EST" name="setup" finished-at="2023-11-18T14:54:07 EST" duration-ms="5926" status="PASS">
          <params>
            <param index="0">
              <value>
                <![CDATA[chrome]]>
              </value>
            </param>
          </params>
          <reporter-output>
          </reporter-output>
        </test-method> <!-- setup -->
        <test-method signature="loginTest()[pri:0, instance:com.inetbanking.testCases.TC_LoginTest_001@23941fb4]" started-at="2023-11-18T14:54:07 EST" name="loginTest" finished-at="2023-11-18T14:54:13 EST" duration-ms="6265" status="PASS">
          <reporter-output>
          </reporter-output>
        </test-method> <!-- loginTest -->
        <test-method is-config="true" signature="tearDown()[pri:0, instance:com.inetbanking.testCases.TC_LoginTest_001@23941fb4]" started-at="2023-11-18T14:54:13 EST" name="tearDown" finished-at="2023-11-18T14:54:13 EST" duration-ms="190" status="PASS">
          <reporter-output>
          </reporter-output>
        </test-method> <!-- tearDown -->
      </class> <!-- com.inetbanking.testCases.TC_LoginTest_001 -->
      <class name="com.inetbanking.testCases.TC_AddCustomerTest_003">
        <test-method is-config="true" signature="setup(java.lang.String)[pri:0, instance:com.inetbanking.testCases.TC_AddCustomerTest_003@2d29b4ee]" started-at="2023-11-18T14:54:13 EST" name="setup" finished-at="2023-11-18T14:54:17 EST" duration-ms="3939" status="PASS">
          <params>
            <param index="0">
              <value>
                <![CDATA[chrome]]>
              </value>
            </param>
          </params>
          <reporter-output>
          </reporter-output>
        </test-method> <!-- setup -->
        <test-method signature="addNewCustomer()[pri:0, instance:com.inetbanking.testCases.TC_AddCustomerTest_003@2d29b4ee]" started-at="2023-11-18T14:54:17 EST" name="addNewCustomer" finished-at="2023-11-18T14:54:32 EST" duration-ms="15046" status="PASS">
          <reporter-output>
          </reporter-output>
        </test-method> <!-- addNewCustomer -->
        <test-method is-config="true" signature="tearDown()[pri:0, instance:com.inetbanking.testCases.TC_AddCustomerTest_003@2d29b4ee]" started-at="2023-11-18T14:54:32 EST" name="tearDown" finished-at="2023-11-18T14:54:32 EST" duration-ms="197" status="PASS">
          <reporter-output>
          </reporter-output>
        </test-method> <!-- tearDown -->
      </class> <!-- com.inetbanking.testCases.TC_AddCustomerTest_003 -->
    </test> <!-- BankingApp Test -->
  </suite> <!-- Suite -->
</testng-results>
